[2025-01-11T19:38:18.887Z][QUERY]: SELECT * FROM current_schema()
[2025-01-11T19:38:18.891Z][QUERY]: SELECT version();
[2025-01-11T19:38:18.892Z][QUERY]: START TRANSACTION
[2025-01-11T19:38:18.893Z][QUERY]: SELECT * FROM "information_schema"."tables" WHERE "table_schema" = 'public' AND "table_name" = 'typeorm_metadata'
[2025-01-11T19:38:18.896Z][QUERY]: COMMIT
[2025-01-11T19:43:09.509Z][QUERY]: SELECT * FROM current_schema()
[2025-01-11T19:43:09.511Z][QUERY]: SELECT version();
[2025-01-11T19:43:09.513Z][QUERY]: START TRANSACTION
[2025-01-11T19:43:09.514Z][QUERY]: SELECT * FROM "information_schema"."tables" WHERE "table_schema" = 'public' AND "table_name" = 'typeorm_metadata'
[2025-01-11T19:43:09.517Z][QUERY]: COMMIT
[2025-01-11T19:43:31.622Z][QUERY]: SELECT * FROM current_schema()
[2025-01-11T19:43:31.624Z][QUERY]: SELECT version();
[2025-01-11T19:43:31.625Z][QUERY]: START TRANSACTION
[2025-01-11T19:43:31.626Z][QUERY]: SELECT * FROM "information_schema"."tables" WHERE "table_schema" = 'public' AND "table_name" = 'typeorm_metadata'
[2025-01-11T19:43:31.630Z][QUERY]: COMMIT
[2025-01-11T19:43:37.241Z][QUERY]: SELECT * FROM current_schema()
[2025-01-11T19:43:37.244Z][QUERY]: SELECT version();
[2025-01-11T19:43:37.245Z][QUERY]: START TRANSACTION
[2025-01-11T19:43:37.246Z][QUERY]: SELECT * FROM "information_schema"."tables" WHERE "table_schema" = 'public' AND "table_name" = 'typeorm_metadata'
[2025-01-11T19:43:37.249Z][QUERY]: COMMIT
[2025-01-11T19:43:43.101Z][QUERY]: SELECT * FROM current_schema()
[2025-01-11T19:43:43.104Z][QUERY]: SELECT version();
[2025-01-11T19:43:43.105Z][QUERY]: START TRANSACTION
[2025-01-11T19:43:43.106Z][QUERY]: SELECT * FROM "information_schema"."tables" WHERE "table_schema" = 'public' AND "table_name" = 'typeorm_metadata'
[2025-01-11T19:43:43.110Z][QUERY]: COMMIT
[2025-01-11T19:43:47.769Z][QUERY]: SELECT * FROM current_schema()
[2025-01-11T19:43:47.772Z][QUERY]: SELECT version();
[2025-01-11T19:43:47.773Z][QUERY]: START TRANSACTION
[2025-01-11T19:43:47.774Z][QUERY]: SELECT * FROM "information_schema"."tables" WHERE "table_schema" = 'public' AND "table_name" = 'typeorm_metadata'
[2025-01-11T19:43:47.776Z][QUERY]: COMMIT
[2025-01-11T19:43:57.793Z][QUERY]: SELECT * FROM current_schema()
[2025-01-11T19:43:57.796Z][QUERY]: SELECT version();
[2025-01-11T19:43:57.797Z][QUERY]: START TRANSACTION
[2025-01-11T19:43:57.798Z][QUERY]: SELECT * FROM "information_schema"."tables" WHERE "table_schema" = 'public' AND "table_name" = 'typeorm_metadata'
[2025-01-11T19:43:57.802Z][QUERY]: COMMIT
[2025-01-11T19:44:18.576Z][QUERY]: SELECT * FROM current_schema()
[2025-01-11T19:44:18.579Z][QUERY]: SELECT version();
[2025-01-11T19:44:18.580Z][QUERY]: START TRANSACTION
[2025-01-11T19:44:18.581Z][QUERY]: SELECT * FROM "information_schema"."tables" WHERE "table_schema" = 'public' AND "table_name" = 'typeorm_metadata'
[2025-01-11T19:44:18.583Z][QUERY]: COMMIT
[2025-01-11T19:44:26.228Z][QUERY]: SELECT * FROM current_schema()
[2025-01-11T19:44:26.232Z][QUERY]: SELECT version();
[2025-01-11T19:44:26.233Z][QUERY]: START TRANSACTION
[2025-01-11T19:44:26.234Z][QUERY]: SELECT * FROM "information_schema"."tables" WHERE "table_schema" = 'public' AND "table_name" = 'typeorm_metadata'
[2025-01-11T19:44:26.237Z][QUERY]: COMMIT
[2025-01-11T19:45:30.641Z][QUERY]: SELECT * FROM current_schema()
[2025-01-11T19:45:30.643Z][QUERY]: SELECT version();
[2025-01-11T19:45:30.644Z][QUERY]: START TRANSACTION
[2025-01-11T19:45:30.645Z][QUERY]: SELECT * FROM "information_schema"."tables" WHERE "table_schema" = 'public' AND "table_name" = 'typeorm_metadata'
[2025-01-11T19:45:30.649Z][QUERY]: COMMIT
[2025-01-11T19:45:44.736Z][QUERY]: SELECT * FROM current_schema()
[2025-01-11T19:45:44.741Z][QUERY]: SELECT version();
[2025-01-11T19:45:44.742Z][QUERY]: START TRANSACTION
[2025-01-11T19:45:44.743Z][QUERY]: SELECT * FROM "information_schema"."tables" WHERE "table_schema" = 'public' AND "table_name" = 'typeorm_metadata'
[2025-01-11T19:45:44.747Z][QUERY]: COMMIT
[2025-01-11T19:46:21.411Z][QUERY]: SELECT * FROM current_schema()
[2025-01-11T19:46:21.415Z][QUERY]: SELECT version();
[2025-01-11T19:46:21.417Z][QUERY]: START TRANSACTION
[2025-01-11T19:46:21.418Z][QUERY]: SELECT * FROM "information_schema"."tables" WHERE "table_schema" = 'public' AND "table_name" = 'typeorm_metadata'
[2025-01-11T19:46:21.423Z][QUERY]: COMMIT
[2025-01-11T19:46:35.198Z][QUERY]: SELECT * FROM current_schema()
[2025-01-11T19:46:35.200Z][QUERY]: SELECT version();
[2025-01-11T19:46:35.201Z][QUERY]: START TRANSACTION
[2025-01-11T19:46:35.203Z][QUERY]: SELECT * FROM "information_schema"."tables" WHERE "table_schema" = 'public' AND "table_name" = 'typeorm_metadata'
[2025-01-11T19:46:35.207Z][QUERY]: COMMIT
[2025-01-11T19:48:30.577Z][QUERY]: SELECT * FROM current_schema()
[2025-01-11T19:48:30.580Z][QUERY]: SELECT version();
[2025-01-11T19:48:30.581Z][QUERY]: START TRANSACTION
[2025-01-11T19:48:30.583Z][QUERY]: SELECT * FROM "information_schema"."tables" WHERE "table_schema" = 'public' AND "table_name" = 'typeorm_metadata'
[2025-01-11T19:48:30.586Z][QUERY]: COMMIT
[2025-01-11T19:48:46.250Z][QUERY]: SELECT * FROM current_schema()
[2025-01-11T19:48:46.252Z][QUERY]: SELECT version();
[2025-01-11T19:48:46.253Z][QUERY]: START TRANSACTION
[2025-01-11T19:48:46.254Z][QUERY]: SELECT * FROM "information_schema"."tables" WHERE "table_schema" = 'public' AND "table_name" = 'typeorm_metadata'
[2025-01-11T19:48:46.257Z][QUERY]: COMMIT
[2025-01-11T19:50:42.184Z][QUERY]: SELECT * FROM current_schema()
[2025-01-11T19:50:42.188Z][QUERY]: SELECT version();
[2025-01-11T19:50:42.190Z][QUERY]: START TRANSACTION
[2025-01-11T19:50:42.190Z][QUERY]: SELECT * FROM "information_schema"."tables" WHERE "table_schema" = 'public' AND "table_name" = 'typeorm_metadata'
[2025-01-11T19:50:42.194Z][QUERY]: COMMIT
[2025-01-11T20:12:47.783Z][QUERY]: SELECT * FROM current_schema()
[2025-01-11T20:12:47.786Z][QUERY]: SELECT version();
[2025-01-11T20:12:47.787Z][QUERY]: START TRANSACTION
[2025-01-11T20:12:47.788Z][QUERY]: SELECT * FROM "information_schema"."tables" WHERE "table_schema" = 'public' AND "table_name" = 'typeorm_metadata'
[2025-01-11T20:12:47.793Z][QUERY]: COMMIT
